<?xml version="1.0" encoding="UTF-8"?>
<!-- Generated by org.testng.reporters.JUnitXMLReporter -->
<testsuite hostname="Kirans-MacBook-Air.local" name="Cashkaro Tests" tests="4" failures="0" timestamp="18 Jan 2017 14:03:07 GMT" time="0.989" errors="0">
  <testcase name="@BeforeClass createDriver" time="0.0" classname="com.cashkaro.uitests.tests.ForgotPasswordTest">
    <failure type="java.lang.IllegalStateException" message="The driver executable does not exist: /usr/local/Cellar/chromedriver/2.27/bin/chromedriver">
      <![CDATA[java.lang.IllegalStateException: The driver executable does not exist: /usr/local/Cellar/chromedriver/2.27/bin/chromedriver
	at com.google.common.base.Preconditions.checkState(Preconditions.java:200)
	at org.openqa.selenium.remote.service.DriverService.checkExecutable(DriverService.java:121)
	at org.openqa.selenium.remote.service.DriverService.findExecutable(DriverService.java:116)
	at org.openqa.selenium.chrome.ChromeDriverService.access$000(ChromeDriverService.java:32)
	at org.openqa.selenium.chrome.ChromeDriverService$Builder.findDefaultExecutable(ChromeDriverService.java:137)
	at org.openqa.selenium.remote.service.DriverService$Builder.build(DriverService.java:296)
	at org.openqa.selenium.chrome.ChromeDriverService.createDefaultService(ChromeDriverService.java:88)
	at org.openqa.selenium.chrome.ChromeDriver.<init>(ChromeDriver.java:120)
	at com.cashkaro.uitests.base.BaseTest.createDriver(BaseTest.java:26)
... Removed 24 stack frames]]>
    </failure>
  </testcase> <!-- @BeforeClass createDriver -->
  <testcase name="@AfterClass quitDriver" time="0.0" classname="com.cashkaro.uitests.tests.ForgotPasswordTest">
    <skipped/>
  </testcase> <!-- @AfterClass quitDriver -->
  <testcase name="@BeforeClass createDriver" time="0.0" classname="com.cashkaro.uitests.tests.JoinWithEmailTest">
    <failure type="java.lang.IllegalStateException" message="The driver executable does not exist: /usr/local/Cellar/chromedriver/2.27/bin/chromedriver">
      <![CDATA[java.lang.IllegalStateException: The driver executable does not exist: /usr/local/Cellar/chromedriver/2.27/bin/chromedriver
	at com.google.common.base.Preconditions.checkState(Preconditions.java:200)
	at org.openqa.selenium.remote.service.DriverService.checkExecutable(DriverService.java:121)
	at org.openqa.selenium.remote.service.DriverService.findExecutable(DriverService.java:116)
	at org.openqa.selenium.chrome.ChromeDriverService.access$000(ChromeDriverService.java:32)
	at org.openqa.selenium.chrome.ChromeDriverService$Builder.findDefaultExecutable(ChromeDriverService.java:137)
	at org.openqa.selenium.remote.service.DriverService$Builder.build(DriverService.java:296)
	at org.openqa.selenium.chrome.ChromeDriverService.createDefaultService(ChromeDriverService.java:88)
	at org.openqa.selenium.chrome.ChromeDriver.<init>(ChromeDriver.java:120)
	at com.cashkaro.uitests.base.BaseTest.createDriver(BaseTest.java:26)
... Removed 24 stack frames]]>
    </failure>
  </testcase> <!-- @BeforeClass createDriver -->
  <testcase name="@AfterMethod teardown" time="0.0" classname="com.cashkaro.uitests.tests.JoinWithEmailTest">
    <skipped/>
  </testcase> <!-- @AfterMethod teardown -->
  <testcase name="@AfterClass quitDriver" time="0.0" classname="com.cashkaro.uitests.tests.JoinWithEmailTest">
    <skipped/>
  </testcase> <!-- @AfterClass quitDriver -->
  <testcase name="@BeforeClass createDriver" time="0.0" classname="com.cashkaro.uitests.tests.JoinWithFBTest">
    <failure type="java.lang.IllegalStateException" message="The driver executable does not exist: /usr/local/Cellar/chromedriver/2.27/bin/chromedriver">
      <![CDATA[java.lang.IllegalStateException: The driver executable does not exist: /usr/local/Cellar/chromedriver/2.27/bin/chromedriver
	at com.google.common.base.Preconditions.checkState(Preconditions.java:200)
	at org.openqa.selenium.remote.service.DriverService.checkExecutable(DriverService.java:121)
	at org.openqa.selenium.remote.service.DriverService.findExecutable(DriverService.java:116)
	at org.openqa.selenium.chrome.ChromeDriverService.access$000(ChromeDriverService.java:32)
	at org.openqa.selenium.chrome.ChromeDriverService$Builder.findDefaultExecutable(ChromeDriverService.java:137)
	at org.openqa.selenium.remote.service.DriverService$Builder.build(DriverService.java:296)
	at org.openqa.selenium.chrome.ChromeDriverService.createDefaultService(ChromeDriverService.java:88)
	at org.openqa.selenium.chrome.ChromeDriver.<init>(ChromeDriver.java:120)
	at com.cashkaro.uitests.base.BaseTest.createDriver(BaseTest.java:26)
... Removed 24 stack frames]]>
    </failure>
  </testcase> <!-- @BeforeClass createDriver -->
  <testcase name="@AfterClass quitDriver" time="0.0" classname="com.cashkaro.uitests.tests.JoinWithFBTest">
    <skipped/>
  </testcase> <!-- @AfterClass quitDriver -->
  <testcase name="@BeforeClass createDriver" time="0.0" classname="com.cashkaro.uitests.tests.LoginTest">
    <failure type="java.lang.IllegalStateException" message="The driver executable does not exist: /usr/local/Cellar/chromedriver/2.27/bin/chromedriver">
      <![CDATA[java.lang.IllegalStateException: The driver executable does not exist: /usr/local/Cellar/chromedriver/2.27/bin/chromedriver
	at com.google.common.base.Preconditions.checkState(Preconditions.java:200)
	at org.openqa.selenium.remote.service.DriverService.checkExecutable(DriverService.java:121)
	at org.openqa.selenium.remote.service.DriverService.findExecutable(DriverService.java:116)
	at org.openqa.selenium.chrome.ChromeDriverService.access$000(ChromeDriverService.java:32)
	at org.openqa.selenium.chrome.ChromeDriverService$Builder.findDefaultExecutable(ChromeDriverService.java:137)
	at org.openqa.selenium.remote.service.DriverService$Builder.build(DriverService.java:296)
	at org.openqa.selenium.chrome.ChromeDriverService.createDefaultService(ChromeDriverService.java:88)
	at org.openqa.selenium.chrome.ChromeDriver.<init>(ChromeDriver.java:120)
	at com.cashkaro.uitests.base.BaseTest.createDriver(BaseTest.java:26)
... Removed 24 stack frames]]>
    </failure>
  </testcase> <!-- @BeforeClass createDriver -->
  <testcase name="@AfterClass quitDriver" time="0.0" classname="com.cashkaro.uitests.tests.LoginTest">
    <skipped/>
  </testcase> <!-- @AfterClass quitDriver -->
  <testcase name="testForgotPassword" time="0.001" classname="com.cashkaro.uitests.tests.ForgotPasswordTest">
    <skipped/>
  </testcase> <!-- testForgotPassword -->
  <testcase name="testJoinWithEmail" time="0.001" classname="com.cashkaro.uitests.tests.JoinWithEmailTest">
    <skipped/>
  </testcase> <!-- testJoinWithEmail -->
  <testcase name="testJoinWithFB" time="0.001" classname="com.cashkaro.uitests.tests.JoinWithFBTest">
    <skipped/>
  </testcase> <!-- testJoinWithFB -->
  <testcase name="testLogin" time="0.0" classname="com.cashkaro.uitests.tests.LoginTest">
    <skipped/>
  </testcase> <!-- testLogin -->
</testsuite> <!-- Cashkaro Tests -->
